1773506134 | cpu_spike | 36.4s | new_skill
1773506170 | cpu_spike | 0.0s | recalled_skill
1773506559 | cpu_spike | 0.0s | recalled_skill
1773506564 | cpu_spike | 0.0s | recalled_skill
1773506569 | cpu_spike | 0.0s | recalled_skill
1773506575 | cpu_spike | 0.0s | recalled_skill
1773506580 | cpu_spike | 0.0s | recalled_skill
1773506585 | cpu_spike | 0.0s | recalled_skill
1773506590 | cpu_spike | 0.0s | recalled_skill
1773506595 | cpu_spike | 0.0s | recalled_skill
1773506601 | cpu_spike | 0.0s | recalled_skill
1773506606 | cpu_spike | 0.0s | recalled_skill
1773506611 | cpu_spike | 0.0s | recalled_skill
1773506616 | cpu_spike | 0.0s | recalled_skill
1773506621 | cpu_spike | 0.0s | recalled_skill
1773506626 | cpu_spike | 0.0s | recalled_skill
1773506632 | cpu_spike | 0.0s | recalled_skill
1773506637 | cpu_spike | 0.0s | recalled_skill
1773506642 | cpu_spike | 0.0s | recalled_skill
1773506647 | cpu_spike | 0.0s | recalled_skill
1773506653 | cpu_spike | 0.0s | recalled_skill
1773506658 | cpu_spike | 0.0s | recalled_skill
1773506663 | cpu_spike | 0.2s | recalled_skill
1773506668 | cpu_spike | 0.0s | recalled_skill
1773506728 | memory_leak | 54.8s | new_skill
1773506733 | memory_leak | 0.0s | recalled_skill
1773506744 | memory_leak | 0.0s | recalled_skill
1773506749 | memory_leak | 0.0s | recalled_skill
1773506754 | memory_leak | 0.0s | recalled_skill
1773506759 | memory_leak | 0.0s | recalled_skill
1773506764 | memory_leak | 0.0s | recalled_skill
1773506770 | memory_leak | 0.0s | recalled_skill
1773506775 | memory_leak | 0.0s | recalled_skill
1773506780 | memory_leak | 0.0s | recalled_skill
1773506785 | memory_leak | 0.0s | recalled_skill
1773506790 | cpu_spike | 0.0s | recalled_skill
1773506795 | memory_leak | 0.0s | recalled_skill
1773506801 | memory_leak | 0.1s | recalled_skill
1773506806 | memory_leak | 0.0s | recalled_skill
1773506811 | memory_leak | 0.0s | recalled_skill
1773506816 | memory_leak | 0.0s | recalled_skill
1773506821 | memory_leak | 0.0s | recalled_skill
1773506826 | memory_leak | 0.0s | recalled_skill
1773506831 | memory_leak | 0.0s | recalled_skill
1773506837 | memory_leak | 0.0s | recalled_skill
1773506842 | memory_leak | 0.0s | recalled_skill
1773506847 | memory_leak | 0.0s | recalled_skill
1773506852 | memory_leak | 0.0s | recalled_skill
1773506857 | memory_leak | 0.0s | recalled_skill
1773506862 | memory_leak | 0.0s | recalled_skill
1773506867 | memory_leak | 0.0s | recalled_skill
1773506873 | memory_leak | 0.0s | recalled_skill
1773506878 | memory_leak | 0.0s | recalled_skill
1773506883 | memory_leak | 0.0s | recalled_skill
1773506888 | memory_leak | 0.0s | recalled_skill
1773506893 | memory_leak | 0.0s | recalled_skill
1773506898 | memory_leak | 0.0s | recalled_skill
1773506903 | memory_leak | 0.0s | recalled_skill
1773506909 | memory_leak | 0.0s | recalled_skill
1773506914 | memory_leak | 0.0s | recalled_skill
1773506919 | memory_leak | 0.0s | recalled_skill
1773506924 | memory_leak | 0.0s | recalled_skill
1773506929 | memory_leak | 0.0s | recalled_skill
1773506934 | memory_leak | 0.0s | recalled_skill
1773506939 | memory_leak | 0.0s | recalled_skill
1773506944 | memory_leak | 0.0s | recalled_skill
1773506950 | memory_leak | 0.0s | recalled_skill
1773506955 | memory_leak | 0.0s | recalled_skill
1773506960 | memory_leak | 0.0s | recalled_skill
1773506965 | memory_leak | 0.0s | recalled_skill
1773506970 | memory_leak | 0.0s | recalled_skill
1773506975 | memory_leak | 0.0s | recalled_skill
1773506980 | memory_leak | 0.0s | recalled_skill
1773506986 | memory_leak | 0.0s | recalled_skill
1773506991 | memory_leak | 0.0s | recalled_skill
1773506996 | memory_leak | 0.0s | recalled_skill
1773507001 | memory_leak | 0.0s | recalled_skill
1773507006 | memory_leak | 0.0s | recalled_skill
1773507011 | memory_leak | 0.0s | recalled_skill
1773507016 | memory_leak | 0.0s | recalled_skill
1773507022 | memory_leak | 0.0s | recalled_skill
1773507027 | memory_leak | 0.0s | recalled_skill
1773507032 | memory_leak | 0.0s | recalled_skill
1773507037 | memory_leak | 0.0s | recalled_skill
1773507042 | memory_leak | 0.0s | recalled_skill
1773507047 | memory_leak | 0.0s | recalled_skill
1773507052 | memory_leak | 0.0s | recalled_skill
1773507057 | memory_leak | 0.0s | recalled_skill
1773507063 | memory_leak | 0.0s | recalled_skill
1773507068 | memory_leak | 0.0s | recalled_skill
1773507073 | memory_leak | 0.0s | recalled_skill
1773507078 | memory_leak | 0.0s | recalled_skill
1773507083 | memory_leak | 0.0s | recalled_skill
1773507088 | memory_leak | 0.0s | recalled_skill
1773507093 | memory_leak | 0.0s | recalled_skill
1773507099 | memory_leak | 0.0s | recalled_skill
1773507104 | memory_leak | 0.0s | recalled_skill
1773507109 | memory_leak | 0.0s | recalled_skill
1773507114 | memory_leak | 0.0s | recalled_skill
1773507119 | memory_leak | 0.0s | recalled_skill
1773507124 | memory_leak | 0.0s | recalled_skill
1773507129 | memory_leak | 0.0s | recalled_skill
1773507134 | memory_leak | 0.0s | recalled_skill
1773507271 | memory_leak | 0.0s | recalled_skill
1773507276 | memory_leak | 0.0s | recalled_skill
1773507281 | memory_leak | 0.0s | recalled_skill
1773507286 | memory_leak | 0.0s | recalled_skill
1773507292 | memory_leak | 0.0s | recalled_skill
1773507297 | memory_leak | 0.0s | recalled_skill
1773507302 | memory_leak | 0.0s | recalled_skill
1773507307 | memory_leak | 0.0s | recalled_skill
1773507312 | memory_leak | 0.0s | recalled_skill
1773507317 | memory_leak | 0.0s | recalled_skill
1773507322 | memory_leak | 0.0s | recalled_skill
1773507328 | memory_leak | 0.0s | recalled_skill
1773507333 | memory_leak | 0.0s | recalled_skill
1773507338 | memory_leak | 0.0s | recalled_skill
1773507343 | memory_leak | 0.0s | recalled_skill
1773507348 | memory_leak | 0.0s | recalled_skill
1773507353 | memory_leak | 0.0s | recalled_skill
1773507358 | memory_leak | 0.0s | recalled_skill
1773507364 | memory_leak | 0.0s | recalled_skill
1773507369 | memory_leak | 0.0s | recalled_skill
1773507374 | memory_leak | 0.0s | recalled_skill
1773507379 | memory_leak | 0.0s | recalled_skill
1773507384 | memory_leak | 0.0s | recalled_skill
1773507389 | memory_leak | 0.0s | recalled_skill
1773507394 | memory_leak | 0.0s | recalled_skill
1773507399 | memory_leak | 0.0s | recalled_skill
1773507405 | memory_leak | 0.0s | recalled_skill
1773507410 | memory_leak | 0.0s | recalled_skill
1773507415 | memory_leak | 0.0s | recalled_skill
1773507420 | memory_leak | 0.0s | recalled_skill
1773507425 | memory_leak | 0.0s | recalled_skill
1773507430 | memory_leak | 0.0s | recalled_skill
1773507435 | memory_leak | 0.0s | recalled_skill
1773507441 | memory_leak | 0.0s | recalled_skill
1773507446 | memory_leak | 0.0s | recalled_skill
1773507451 | memory_leak | 0.0s | recalled_skill
1773507456 | memory_leak | 0.0s | recalled_skill
1773507461 | memory_leak | 0.0s | recalled_skill
1773507466 | memory_leak | 0.0s | recalled_skill
1773507471 | memory_leak | 0.0s | recalled_skill
1773507477 | memory_leak | 0.0s | recalled_skill
1773507482 | memory_leak | 0.0s | recalled_skill
1773507487 | memory_leak | 0.0s | recalled_skill
1773507492 | memory_leak | 0.0s | recalled_skill
1773507497 | memory_leak | 0.0s | recalled_skill
1773507502 | memory_leak | 0.0s | recalled_skill
1773507507 | memory_leak | 0.0s | recalled_skill
1773507512 | memory_leak | 0.0s | recalled_skill
1773507518 | memory_leak | 0.0s | recalled_skill
1773507523 | memory_leak | 0.0s | recalled_skill
1773507528 | memory_leak | 0.0s | recalled_skill
1773507533 | memory_leak | 0.0s | recalled_skill
1773507538 | memory_leak | 0.0s | recalled_skill
1773507543 | memory_leak | 0.0s | recalled_skill
1773507548 | memory_leak | 0.0s | recalled_skill
1773507554 | memory_leak | 0.0s | recalled_skill
1773507559 | memory_leak | 0.0s | recalled_skill
1773507564 | memory_leak | 0.0s | recalled_skill
1773507569 | memory_leak | 0.0s | recalled_skill
1773507574 | memory_leak | 0.0s | recalled_skill
1773507579 | memory_leak | 0.0s | recalled_skill
1773507584 | memory_leak | 0.0s | recalled_skill
1773507589 | memory_leak | 0.0s | recalled_skill
1773507595 | memory_leak | 0.0s | recalled_skill
1773507600 | memory_leak | 0.0s | recalled_skill
1773507605 | memory_leak | 0.0s | recalled_skill
1773507641 | memory_leak | 0.0s | recalled_skill
1773507646 | memory_leak | 0.0s | recalled_skill
1773507651 | memory_leak | 0.0s | recalled_skill
1773507656 | memory_leak | 0.0s | recalled_skill
1773507661 | memory_leak | 0.0s | recalled_skill
1773507666 | memory_leak | 0.0s | recalled_skill
1773507671 | memory_leak | 0.0s | recalled_skill
1773507676 | memory_leak | 0.0s | recalled_skill
1773507682 | memory_leak | 0.0s | recalled_skill
1773507687 | memory_leak | 0.0s | recalled_skill
1773507692 | memory_leak | 0.0s | recalled_skill
1773507697 | memory_leak | 0.0s | recalled_skill
1773507702 | memory_leak | 0.0s | recalled_skill
1773507707 | memory_leak | 0.0s | recalled_skill
1773507712 | memory_leak | 0.0s | recalled_skill
1773507718 | memory_leak | 0.0s | recalled_skill
1773507723 | memory_leak | 0.0s | recalled_skill
1773507728 | memory_leak | 0.0s | recalled_skill
1773507733 | memory_leak | 0.0s | recalled_skill
1773507738 | memory_leak | 0.0s | recalled_skill
1773507743 | memory_leak | 0.0s | recalled_skill
1773507748 | memory_leak | 0.0s | recalled_skill
1773507753 | memory_leak | 0.0s | recalled_skill
1773507759 | memory_leak | 0.0s | recalled_skill
1773507764 | memory_leak | 0.0s | recalled_skill
1773507769 | memory_leak | 0.0s | recalled_skill
1773507774 | memory_leak | 0.0s | recalled_skill
1773507779 | memory_leak | 0.0s | recalled_skill
1773507784 | memory_leak | 0.0s | recalled_skill
1773507789 | memory_leak | 0.0s | recalled_skill
1773507795 | memory_leak | 0.0s | recalled_skill
1773507800 | memory_leak | 0.0s | recalled_skill
1773507805 | memory_leak | 0.0s | recalled_skill
1773507810 | memory_leak | 0.0s | recalled_skill
1773507815 | memory_leak | 0.0s | recalled_skill
1773507820 | memory_leak | 0.0s | recalled_skill
1773507825 | memory_leak | 0.0s | recalled_skill
1773507830 | memory_leak | 0.0s | recalled_skill
1773507836 | memory_leak | 0.0s | recalled_skill
1773507841 | memory_leak | 0.0s | recalled_skill
1773507846 | memory_leak | 0.0s | recalled_skill
1773507851 | memory_leak | 0.0s | recalled_skill
1773507856 | memory_leak | 0.0s | recalled_skill
1773507861 | memory_leak | 0.0s | recalled_skill
1773507867 | memory_leak | 0.0s | recalled_skill
1773507872 | memory_leak | 0.0s | recalled_skill
1773507877 | memory_leak | 0.0s | recalled_skill
1773507882 | memory_leak | 0.0s | recalled_skill
1773507887 | memory_leak | 0.0s | recalled_skill
1773507892 | memory_leak | 0.0s | recalled_skill
1773507897 | memory_leak | 0.0s | recalled_skill
1773507902 | memory_leak | 0.0s | recalled_skill
1773507908 | memory_leak | 0.0s | recalled_skill
1773507913 | memory_leak | 0.0s | recalled_skill
1773507918 | memory_leak | 0.0s | recalled_skill
1773507923 | memory_leak | 0.0s | recalled_skill
1773507928 | memory_leak | 0.0s | recalled_skill
1773507933 | memory_leak | 0.0s | recalled_skill
1773507938 | memory_leak | 0.0s | recalled_skill
1773507944 | memory_leak | 0.0s | recalled_skill
1773507949 | memory_leak | 0.0s | recalled_skill
1773507954 | memory_leak | 0.0s | recalled_skill
1773507959 | memory_leak | 0.0s | recalled_skill
1773507964 | memory_leak | 0.0s | recalled_skill
1773507969 | memory_leak | 0.0s | recalled_skill
1773507974 | memory_leak | 0.0s | recalled_skill
1773507994 | memory_leak | 0.0s | recalled_skill
1773507999 | memory_leak | 0.0s | recalled_skill
1773508005 | memory_leak | 0.0s | recalled_skill
1773508010 | memory_leak | 0.0s | recalled_skill
1773508015 | memory_leak | 0.0s | recalled_skill
1773508020 | memory_leak | 0.0s | recalled_skill
1773508025 | memory_leak | 0.0s | recalled_skill
1773508030 | memory_leak | 0.0s | recalled_skill
1773508035 | memory_leak | 0.0s | recalled_skill
1773508041 | memory_leak | 0.0s | recalled_skill
1773508046 | memory_leak | 0.0s | recalled_skill
1773508051 | memory_leak | 0.0s | recalled_skill
1773508056 | memory_leak | 0.0s | recalled_skill
1773508061 | memory_leak | 0.0s | recalled_skill
1773508066 | memory_leak | 0.0s | recalled_skill
1773508071 | memory_leak | 0.0s | recalled_skill
1773508076 | memory_leak | 0.0s | recalled_skill
1773508082 | memory_leak | 0.0s | recalled_skill
1773508087 | memory_leak | 0.0s | recalled_skill
1773508092 | memory_leak | 0.0s | recalled_skill
1773508097 | memory_leak | 0.0s | recalled_skill
1773508102 | memory_leak | 0.0s | recalled_skill
1773508107 | memory_leak | 0.0s | recalled_skill
1773508112 | memory_leak | 0.0s | recalled_skill
1773508118 | memory_leak | 0.0s | recalled_skill
1773508123 | memory_leak | 0.0s | recalled_skill
1773508128 | memory_leak | 0.0s | recalled_skill
1773508133 | memory_leak | 0.0s | recalled_skill
1773508138 | memory_leak | 0.0s | recalled_skill
1773508143 | memory_leak | 0.0s | recalled_skill
1773508187 | database_connection_exhaustion | 35.8s | new_skill
1773508192 | database_connection_exhaustion | 0.0s | recalled_skill
1773508197 | database_connection_exhaustion | 0.0s | recalled_skill
1773508202 | database_connection_exhaustion | 0.0s | recalled_skill
1773508207 | database_connection_exhaustion | 0.0s | recalled_skill
1773508212 | database_connection_exhaustion | 0.0s | recalled_skill
1773508217 | database_connection_exhaustion | 0.0s | recalled_skill
1773508222 | database_connection_exhaustion | 0.0s | recalled_skill
1773508228 | database_connection_exhaustion | 0.0s | recalled_skill
1773508233 | database_connection_exhaustion | 0.0s | recalled_skill
1773508238 | database_connection_exhaustion | 0.0s | recalled_skill
1773508243 | database_connection_exhaustion | 0.0s | recalled_skill
1773508248 | memory_leak | 0.0s | recalled_skill
1773508253 | memory_leak | 0.0s | recalled_skill
1773508258 | memory_leak | 0.0s | recalled_skill
1773508264 | database_connection_exhaustion | 0.0s | recalled_skill
1773508269 | database_connection_exhaustion | 0.0s | recalled_skill
1773508274 | memory_leak | 0.0s | recalled_skill
1773508279 | database_connection_exhaustion | 0.0s | recalled_skill
1773508284 | database_connection_exhaustion | 0.0s | recalled_skill
1773508289 | database_connection_exhaustion | 0.0s | recalled_skill
1773508294 | memory_leak | 0.0s | recalled_skill
1773508300 | memory_leak | 0.0s | recalled_skill
1773508305 | memory_leak | 0.0s | recalled_skill
1773508310 | database_connection_exhaustion | 0.0s | recalled_skill
1773508315 | database_connection_exhaustion | 0.0s | recalled_skill
1773508320 | memory_leak | 0.0s | recalled_skill
1773508325 | database_connection_exhaustion | 0.0s | recalled_skill
1773508330 | database_connection_exhaustion | 0.0s | recalled_skill
1773508336 | memory_leak | 0.0s | recalled_skill
1773508341 | memory_leak | 0.0s | recalled_skill
1773508346 | database_connection_exhaustion | 0.0s | recalled_skill
1773508351 | memory_leak | 0.0s | recalled_skill
1773508356 | database_connection_exhaustion | 0.0s | recalled_skill
1773508361 | database_connection_exhaustion | 0.0s | recalled_skill
1773508366 | database_connection_exhaustion | 0.0s | recalled_skill
1773508372 | database_connection_exhaustion | 0.0s | recalled_skill
1773508377 | database_connection_exhaustion | 0.0s | recalled_skill
1773508382 | database_connection_exhaustion | 0.0s | recalled_skill
1773508387 | database_connection_exhaustion | 0.0s | recalled_skill
1773508392 | memory_leak | 0.0s | recalled_skill
1773508397 | memory_leak | 0.0s | recalled_skill
1773508402 | database_connection_exhaustion | 0.0s | recalled_skill
1773508407 | memory_leak | 0.0s | recalled_skill
1773508413 | memory_leak | 0.0s | recalled_skill
1773508418 | memory_leak | 0.0s | recalled_skill
1773508423 | memory_leak | 0.0s | recalled_skill
1773508428 | database_connection_exhaustion | 0.0s | recalled_skill
1773508433 | database_connection_exhaustion | 0.0s | recalled_skill
1773508438 | database_connection_exhaustion | 0.0s | recalled_skill
1773508443 | database_connection_exhaustion | 0.0s | recalled_skill
1773508449 | memory_leak | 0.0s | recalled_skill
1773508454 | memory_leak | 0.0s | recalled_skill
1773508459 | memory_leak | 0.0s | recalled_skill
1773508464 | memory_leak | 0.0s | recalled_skill
1773508469 | database_connection_exhaustion | 0.0s | recalled_skill
1773508474 | database_connection_exhaustion | 0.0s | recalled_skill
1773508479 | memory_leak | 0.0s | recalled_skill
1773508485 | database_connection_exhaustion | 0.0s | recalled_skill
1773508490 | memory_leak | 0.0s | recalled_skill
1773508495 | database_connection_exhaustion | 0.0s | recalled_skill
1773508500 | memory_leak | 0.1s | recalled_skill
1773508505 | memory_leak | 0.0s | recalled_skill
1773508510 | memory_leak | 0.0s | recalled_skill
1773508516 | database_connection_exhaustion | 0.0s | recalled_skill
1773508521 | memory_leak | 0.0s | recalled_skill
1773508526 | memory_leak | 0.0s | recalled_skill
1773508531 | memory_leak | 0.0s | recalled_skill
1773508536 | memory_leak | 0.0s | recalled_skill
1773508541 | memory_leak | 0.0s | recalled_skill
1773508546 | memory_leak | 0.0s | recalled_skill
1773508552 | memory_leak | 0.0s | recalled_skill
1773508557 | memory_leak | 0.0s | recalled_skill
1773508562 | database_connection_exhaustion | 0.0s | recalled_skill
1773508567 | memory_leak | 0.0s | recalled_skill
1773508572 | database_connection_exhaustion | 0.0s | recalled_skill
1773508577 | memory_leak | 0.0s | recalled_skill
1773508582 | database_connection_exhaustion | 0.0s | recalled_skill
1773508587 | database_connection_exhaustion | 0.0s | recalled_skill
1773508593 | memory_leak | 0.0s | recalled_skill
1773508598 | memory_leak | 0.0s | recalled_skill
1773508603 | database_connection_exhaustion | 0.0s | recalled_skill
1773508608 | memory_leak | 0.0s | recalled_skill
1773508613 | database_connection_exhaustion | 0.0s | recalled_skill
1773508618 | memory_leak | 0.0s | recalled_skill
1773508623 | memory_leak | 0.0s | recalled_skill
1773508629 | database_connection_exhaustion | 0.0s | recalled_skill
1773508634 | memory_leak | 0.0s | recalled_skill
1773508639 | memory_leak | 0.0s | recalled_skill
1773508644 | memory_leak | 0.0s | recalled_skill
1773508649 | memory_leak | 0.0s | recalled_skill
1773508654 | memory_leak | 0.0s | recalled_skill
1773508660 | memory_leak | 0.0s | recalled_skill
1773508665 | memory_leak | 0.1s | recalled_skill
1773508670 | memory_leak | 0.0s | recalled_skill
1773508675 | memory_leak | 0.0s | recalled_skill
1773508680 | memory_leak | 0.0s | recalled_skill
1773508685 | database_connection_exhaustion | 0.0s | recalled_skill
1773508690 | memory_leak | 0.0s | recalled_skill
1773508696 | memory_leak | 0.0s | recalled_skill
1773508701 | memory_leak | 0.0s | recalled_skill
1773508706 | memory_leak | 0.0s | recalled_skill
1773508711 | memory_leak | 0.0s | recalled_skill
1773508716 | memory_leak | 0.0s | recalled_skill
1773508721 | memory_leak | 0.0s | recalled_skill
1773508726 | memory_leak | 0.1s | recalled_skill
1773508732 | memory_leak | 0.0s | recalled_skill
1773508737 | memory_leak | 0.0s | recalled_skill
1773508742 | database_connection_exhaustion | 0.0s | recalled_skill
1773508747 | memory_leak | 0.0s | recalled_skill
1773508752 | memory_leak | 0.0s | recalled_skill
1773508757 | memory_leak | 0.0s | recalled_skill
1773508762 | database_connection_exhaustion | 0.0s | recalled_skill
1773508768 | memory_leak | 0.0s | recalled_skill
1773508773 | memory_leak | 0.0s | recalled_skill
1773508778 | memory_leak | 0.0s | recalled_skill
1773508783 | memory_leak | 0.0s | recalled_skill
1773508788 | memory_leak | 0.0s | recalled_skill
1773508793 | memory_leak | 0.0s | recalled_skill
1773508798 | memory_leak | 0.0s | recalled_skill
1773508804 | memory_leak | 0.0s | recalled_skill
1773508809 | memory_leak | 0.0s | recalled_skill
1773508814 | memory_leak | 0.0s | recalled_skill
1773508819 | memory_leak | 0.0s | recalled_skill
1773508824 | memory_leak | 0.3s | recalled_skill
1773508830 | memory_leak | 0.0s | recalled_skill
1773508835 | memory_leak | 0.0s | recalled_skill
1773508840 | memory_leak | 0.0s | recalled_skill
1773508845 | memory_leak | 0.0s | recalled_skill
1773508850 | memory_leak | 0.0s | recalled_skill
1773508855 | memory_leak | 0.0s | recalled_skill
1773508860 | memory_leak | 0.0s | recalled_skill
1773508866 | memory_leak | 0.0s | recalled_skill
1773508871 | memory_leak | 0.0s | recalled_skill
1773508876 | memory_leak | 0.1s | recalled_skill
1773508881 | memory_leak | 0.0s | recalled_skill
1773508886 | memory_leak | 0.0s | recalled_skill
1773508891 | database_connection_exhaustion | 0.0s | recalled_skill
1773508897 | database_connection_exhaustion | 0.1s | recalled_skill
1773508902 | database_connection_exhaustion | 0.0s | recalled_skill
1773508907 | memory_leak | 0.0s | recalled_skill
1773508912 | memory_leak | 0.0s | recalled_skill
1773508917 | memory_leak | 0.0s | recalled_skill
1773508923 | memory_leak | 0.0s | recalled_skill
1773508928 | memory_leak | 0.0s | recalled_skill
1773508933 | memory_leak | 0.0s | recalled_skill
1773508938 | memory_leak | 0.0s | recalled_skill
1773508943 | memory_leak | 0.0s | recalled_skill
1773508948 | memory_leak | 0.0s | recalled_skill
1773508953 | memory_leak | 0.0s | recalled_skill
1773508958 | memory_leak | 0.0s | recalled_skill
1773508964 | memory_leak | 0.0s | recalled_skill
1773508969 | memory_leak | 0.1s | recalled_skill
1773508974 | memory_leak | 0.0s | recalled_skill
1773508979 | memory_leak | 0.1s | recalled_skill
1773508985 | memory_leak | 0.1s | recalled_skill
1773508990 | memory_leak | 0.0s | recalled_skill
1773508995 | memory_leak | 0.0s | recalled_skill
1773509000 | memory_leak | 0.0s | recalled_skill
1773509005 | memory_leak | 0.0s | recalled_skill
1773509010 | memory_leak | 0.0s | recalled_skill
1773509016 | memory_leak | 0.0s | recalled_skill
1773509021 | memory_leak | 0.1s | recalled_skill
1773509026 | memory_leak | 0.0s | recalled_skill
1773509031 | memory_leak | 0.0s | recalled_skill
1773509036 | memory_leak | 0.0s | recalled_skill
1773509041 | memory_leak | 0.0s | recalled_skill
1773509047 | memory_leak | 0.0s | recalled_skill
1773509052 | memory_leak | 0.0s | recalled_skill
1773509057 | memory_leak | 0.0s | recalled_skill
1773509062 | memory_leak | 0.1s | recalled_skill
1773509067 | memory_leak | 0.0s | recalled_skill
1773509072 | memory_leak | 0.0s | recalled_skill
1773509077 | memory_leak | 0.0s | recalled_skill
1773509083 | memory_leak | 0.0s | recalled_skill
1773509088 | memory_leak | 0.0s | recalled_skill
1773509093 | memory_leak | 0.0s | recalled_skill
1773509098 | memory_leak | 0.0s | recalled_skill
1773509103 | memory_leak | 0.0s | recalled_skill
1773509108 | memory_leak | 0.0s | recalled_skill
1773509113 | memory_leak | 0.0s | recalled_skill
1773509119 | memory_leak | 0.0s | recalled_skill
1773509124 | memory_leak | 0.0s | recalled_skill
1773509129 | memory_leak | 0.0s | recalled_skill
1773509134 | memory_leak | 0.1s | recalled_skill
1773509139 | memory_leak | 0.0s | recalled_skill
1773509144 | memory_leak | 0.0s | recalled_skill
1773509150 | memory_leak | 0.0s | recalled_skill
1773509155 | memory_leak | 0.0s | recalled_skill
1773509160 | memory_leak | 0.0s | recalled_skill
1773509165 | memory_leak | 0.0s | recalled_skill
1773509170 | memory_leak | 0.0s | recalled_skill
1773509175 | memory_leak | 0.0s | recalled_skill
1773509180 | memory_leak | 0.0s | recalled_skill
1773509186 | memory_leak | 0.0s | recalled_skill
1773509191 | memory_leak | 0.0s | recalled_skill
1773509196 | memory_leak | 0.0s | recalled_skill
1773509201 | memory_leak | 0.0s | recalled_skill
1773509206 | memory_leak | 0.0s | recalled_skill
1773509211 | memory_leak | 0.0s | recalled_skill
1773509216 | memory_leak | 0.0s | recalled_skill
1773509221 | memory_leak | 0.0s | recalled_skill
1773509227 | memory_leak | 0.0s | recalled_skill
1773509232 | memory_leak | 0.0s | recalled_skill
1773509237 | memory_leak | 0.0s | recalled_skill
1773509242 | memory_leak | 0.0s | recalled_skill
1773509247 | memory_leak | 0.0s | recalled_skill
1773509252 | memory_leak | 0.0s | recalled_skill
1773509257 | memory_leak | 0.0s | recalled_skill
1773509263 | memory_leak | 0.1s | recalled_skill
1773509268 | memory_leak | 0.0s | recalled_skill
1773509273 | memory_leak | 0.0s | recalled_skill
1773509278 | memory_leak | 0.0s | recalled_skill
1773509283 | memory_leak | 0.0s | recalled_skill
1773509288 | memory_leak | 0.0s | recalled_skill
1773509293 | memory_leak | 0.0s | recalled_skill
1773509299 | memory_leak | 0.0s | recalled_skill
1773509304 | memory_leak | 0.0s | recalled_skill
1773509309 | memory_leak | 0.0s | recalled_skill
1773509314 | memory_leak | 0.0s | recalled_skill
1773509319 | memory_leak | 0.0s | recalled_skill
1773509324 | memory_leak | 0.0s | recalled_skill
1773509329 | memory_leak | 0.0s | recalled_skill
1773509335 | memory_leak | 0.0s | recalled_skill
1773509340 | memory_leak | 0.0s | recalled_skill
1773509345 | memory_leak | 0.2s | recalled_skill
1773509350 | memory_leak | 0.0s | recalled_skill
1773509355 | memory_leak | 0.0s | recalled_skill
1773509361 | memory_leak | 0.0s | recalled_skill
1773509366 | memory_leak | 0.0s | recalled_skill
1773509371 | memory_leak | 0.0s | recalled_skill
1773509376 | memory_leak | 0.0s | recalled_skill
1773509381 | memory_leak | 0.0s | recalled_skill
1773509386 | memory_leak | 0.0s | recalled_skill
1773509391 | memory_leak | 0.0s | recalled_skill
1773509397 | memory_leak | 0.0s | recalled_skill
1773509402 | memory_leak | 0.0s | recalled_skill
1773509407 | memory_leak | 0.0s | recalled_skill
1773509412 | memory_leak | 0.0s | recalled_skill
1773509417 | memory_leak | 0.0s | recalled_skill
1773509422 | memory_leak | 0.0s | recalled_skill
1773509427 | memory_leak | 0.0s | recalled_skill
1773509433 | memory_leak | 0.0s | recalled_skill
1773509438 | memory_leak | 0.0s | recalled_skill
1773509443 | memory_leak | 0.0s | recalled_skill
1773509448 | memory_leak | 0.0s | recalled_skill
1773509453 | memory_leak | 0.0s | recalled_skill
1773509458 | memory_leak | 0.0s | recalled_skill
1773509463 | memory_leak | 0.0s | recalled_skill
1773509469 | memory_leak | 0.0s | recalled_skill
1773509474 | memory_leak | 0.0s | recalled_skill
1773509479 | memory_leak | 0.0s | recalled_skill
1773509484 | memory_leak | 0.0s | recalled_skill
1773509489 | memory_leak | 0.0s | recalled_skill
1773509494 | memory_leak | 0.0s | recalled_skill
1773509499 | memory_leak | 0.0s | recalled_skill
1773509505 | memory_leak | 0.0s | recalled_skill
1773509510 | memory_leak | 0.0s | recalled_skill
1773509515 | memory_leak | 0.0s | recalled_skill
1773509520 | memory_leak | 0.0s | recalled_skill
1773509525 | memory_leak | 0.0s | recalled_skill
1773509530 | memory_leak | 0.0s | recalled_skill
1773509535 | memory_leak | 0.0s | recalled_skill
1773509541 | memory_leak | 0.0s | recalled_skill
1773509546 | memory_leak | 0.0s | recalled_skill
1773509551 | memory_leak | 0.0s | recalled_skill
1773509556 | memory_leak | 0.0s | recalled_skill
1773509561 | memory_leak | 0.0s | recalled_skill
1773509566 | memory_leak | 0.0s | recalled_skill
1773509571 | memory_leak | 0.0s | recalled_skill
1773509577 | memory_leak | 0.0s | recalled_skill
1773509582 | memory_leak | 0.0s | recalled_skill
1773509587 | memory_leak | 0.0s | recalled_skill
1773509592 | memory_leak | 0.1s | recalled_skill
1773509598 | memory_leak | 0.0s | recalled_skill
1773509603 | memory_leak | 0.0s | recalled_skill
1773509608 | memory_leak | 0.0s | recalled_skill
1773509613 | memory_leak | 0.0s | recalled_skill
1773509618 | memory_leak | 0.0s | recalled_skill
1773509623 | memory_leak | 0.1s | recalled_skill
1773509629 | memory_leak | 0.0s | recalled_skill
1773509634 | memory_leak | 0.0s | recalled_skill
1773509639 | memory_leak | 0.0s | recalled_skill
1773509644 | memory_leak | 0.0s | recalled_skill
1773509649 | memory_leak | 0.0s | recalled_skill
1773509654 | memory_leak | 0.0s | recalled_skill
1773509659 | memory_leak | 0.0s | recalled_skill
1773509664 | memory_leak | 0.0s | recalled_skill
1773509670 | memory_leak | 0.0s | recalled_skill
1773509675 | memory_leak | 0.0s | recalled_skill
1773509680 | memory_leak | 0.0s | recalled_skill
1773509685 | memory_leak | 0.0s | recalled_skill
1773509690 | memory_leak | 0.0s | recalled_skill
1773509695 | memory_leak | 0.0s | recalled_skill
1773509700 | memory_leak | 0.0s | recalled_skill
1773509706 | memory_leak | 0.0s | recalled_skill
1773509711 | memory_leak | 0.0s | recalled_skill
1773509716 | memory_leak | 0.0s | recalled_skill
1773509721 | memory_leak | 0.0s | recalled_skill
1773509726 | memory_leak | 0.0s | recalled_skill
1773509731 | memory_leak | 0.0s | recalled_skill
1773509736 | memory_leak | 0.0s | recalled_skill
1773509742 | memory_leak | 0.0s | recalled_skill
1773509747 | memory_leak | 0.0s | recalled_skill
1773509752 | memory_leak | 0.0s | recalled_skill
1773509757 | memory_leak | 0.0s | recalled_skill
1773509762 | memory_leak | 0.0s | recalled_skill
1773509767 | memory_leak | 0.0s | recalled_skill
1773509772 | memory_leak | 0.0s | recalled_skill
1773509778 | memory_leak | 0.0s | recalled_skill
1773509783 | memory_leak | 0.0s | recalled_skill
1773509788 | memory_leak | 0.0s | recalled_skill
1773509793 | memory_leak | 0.0s | recalled_skill
1773509798 | memory_leak | 0.1s | recalled_skill
1773509803 | memory_leak | 0.0s | recalled_skill
1773509808 | memory_leak | 0.0s | recalled_skill
1773509814 | memory_leak | 0.0s | recalled_skill
1773509819 | memory_leak | 0.0s | recalled_skill
1773509824 | memory_leak | 0.0s | recalled_skill
1773509829 | memory_leak | 0.0s | recalled_skill
1773509834 | memory_leak | 0.0s | recalled_skill
1773509839 | memory_leak | 0.0s | recalled_skill
1773509844 | memory_leak | 0.0s | recalled_skill
1773509849 | memory_leak | 0.0s | recalled_skill
1773509855 | memory_leak | 0.1s | recalled_skill
1773509860 | memory_leak | 0.0s | recalled_skill
1773509865 | memory_leak | 0.0s | recalled_skill
1773509870 | memory_leak | 0.0s | recalled_skill
1773509875 | memory_leak | 0.0s | recalled_skill
1773509880 | memory_leak | 0.0s | recalled_skill
1773509886 | memory_leak | 0.0s | recalled_skill
1773509891 | memory_leak | 0.0s | recalled_skill
1773509896 | memory_leak | 0.0s | recalled_skill
1773509901 | memory_leak | 0.0s | recalled_skill
1773509906 | memory_leak | 0.0s | recalled_skill
1773509911 | memory_leak | 0.0s | recalled_skill
1773509916 | memory_leak | 0.0s | recalled_skill
1773509921 | memory_leak | 0.0s | recalled_skill
1773509927 | memory_leak | 0.0s | recalled_skill
1773509932 | memory_leak | 0.0s | recalled_skill
1773509937 | memory_leak | 0.0s | recalled_skill
1773509942 | memory_leak | 0.0s | recalled_skill
1773509947 | memory_leak | 0.0s | recalled_skill
1773509952 | memory_leak | 0.0s | recalled_skill
1773509957 | memory_leak | 0.0s | recalled_skill
1773509963 | memory_leak | 0.0s | recalled_skill
1773509968 | memory_leak | 0.0s | recalled_skill
1773509973 | memory_leak | 0.0s | recalled_skill
1773509978 | memory_leak | 0.0s | recalled_skill
1773509983 | memory_leak | 0.0s | recalled_skill
1773509988 | memory_leak | 0.0s | recalled_skill
1773509993 | memory_leak | 0.0s | recalled_skill
1773509999 | memory_leak | 0.0s | recalled_skill
1773510004 | memory_leak | 0.0s | recalled_skill
1773510009 | memory_leak | 0.0s | recalled_skill
1773510014 | memory_leak | 0.0s | recalled_skill
1773510019 | memory_leak | 0.0s | recalled_skill
1773510024 | memory_leak | 0.0s | recalled_skill
1773510029 | memory_leak | 0.0s | recalled_skill
1773510035 | memory_leak | 0.0s | recalled_skill
1773510040 | memory_leak | 0.0s | recalled_skill
1773510045 | memory_leak | 0.0s | recalled_skill
1773510050 | memory_leak | 0.0s | recalled_skill
1773510055 | memory_leak | 0.0s | recalled_skill
1773510061 | memory_leak | 0.0s | recalled_skill
1773510066 | memory_leak | 0.1s | recalled_skill
1773510071 | memory_leak | 0.0s | recalled_skill
1773510076 | memory_leak | 0.0s | recalled_skill
1773510081 | memory_leak | 0.0s | recalled_skill
1773510086 | memory_leak | 0.0s | recalled_skill
1773510091 | memory_leak | 0.0s | recalled_skill
1773510097 | memory_leak | 0.0s | recalled_skill
1773510102 | memory_leak | 0.0s | recalled_skill
1773510107 | memory_leak | 0.0s | recalled_skill
1773510112 | memory_leak | 0.0s | recalled_skill
1773510117 | memory_leak | 0.0s | recalled_skill
1773510122 | memory_leak | 0.0s | recalled_skill
1773510127 | memory_leak | 0.0s | recalled_skill
1773510133 | memory_leak | 0.0s | recalled_skill
1773510138 | memory_leak | 0.0s | recalled_skill
1773510143 | memory_leak | 0.0s | recalled_skill
1773510148 | memory_leak | 0.0s | recalled_skill
1773510153 | memory_leak | 0.0s | recalled_skill
1773510158 | memory_leak | 0.0s | recalled_skill
1773510163 | memory_leak | 0.0s | recalled_skill
1773510169 | memory_leak | 0.0s | recalled_skill
1773510174 | memory_leak | 0.0s | recalled_skill
1773510179 | memory_leak | 0.0s | recalled_skill
1773510184 | memory_leak | 0.0s | recalled_skill
1773510189 | memory_leak | 0.0s | recalled_skill
1773510194 | memory_leak | 0.0s | recalled_skill
1773510199 | memory_leak | 0.0s | recalled_skill
1773510204 | memory_leak | 0.0s | recalled_skill
1773510210 | memory_leak | 0.0s | recalled_skill
1773510215 | memory_leak | 0.0s | recalled_skill
1773510220 | memory_leak | 0.0s | recalled_skill
1773510225 | memory_leak | 0.0s | recalled_skill
1773510230 | memory_leak | 0.0s | recalled_skill
1773510235 | memory_leak | 0.0s | recalled_skill
1773510240 | memory_leak | 0.0s | recalled_skill
1773510246 | memory_leak | 0.0s | recalled_skill
1773510251 | memory_leak | 0.0s | recalled_skill
1773510256 | memory_leak | 0.0s | recalled_skill
1773510261 | memory_leak | 0.0s | recalled_skill
1773510266 | memory_leak | 0.0s | recalled_skill
1773510271 | memory_leak | 0.0s | recalled_skill
1773510276 | memory_leak | 0.0s | recalled_skill
1773510282 | memory_leak | 0.0s | recalled_skill
1773510287 | memory_leak | 0.0s | recalled_skill
1773510292 | memory_leak | 0.0s | recalled_skill
1773510297 | memory_leak | 0.0s | recalled_skill
1773510302 | memory_leak | 0.0s | recalled_skill
1773510307 | memory_leak | 0.0s | recalled_skill
1773510312 | memory_leak | 0.0s | recalled_skill
1773510318 | memory_leak | 0.1s | recalled_skill
1773510323 | memory_leak | 0.0s | recalled_skill
1773510328 | memory_leak | 0.0s | recalled_skill
1773510333 | memory_leak | 0.0s | recalled_skill
1773510338 | memory_leak | 0.0s | recalled_skill
1773510343 | memory_leak | 0.0s | recalled_skill
1773510348 | memory_leak | 0.0s | recalled_skill
1773510354 | memory_leak | 0.0s | recalled_skill
1773510359 | memory_leak | 0.0s | recalled_skill
1773510364 | memory_leak | 0.0s | recalled_skill
1773510369 | memory_leak | 0.0s | recalled_skill
1773510374 | memory_leak | 0.0s | recalled_skill
1773510379 | memory_leak | 0.0s | recalled_skill
1773510384 | memory_leak | 0.0s | recalled_skill
1773510390 | memory_leak | 0.0s | recalled_skill
1773510395 | memory_leak | 0.0s | recalled_skill
1773510400 | memory_leak | 0.0s | recalled_skill
1773510405 | memory_leak | 0.0s | recalled_skill
1773510410 | memory_leak | 0.0s | recalled_skill
1773510415 | memory_leak | 0.0s | recalled_skill
1773510420 | memory_leak | 0.0s | recalled_skill
1773510426 | memory_leak | 0.0s | recalled_skill
1773510431 | memory_leak | 0.0s | recalled_skill
1773510436 | memory_leak | 0.0s | recalled_skill
1773510441 | memory_leak | 0.0s | recalled_skill
1773510446 | memory_leak | 0.0s | recalled_skill
1773510451 | memory_leak | 0.0s | recalled_skill
1773510456 | memory_leak | 0.0s | recalled_skill
1773510462 | memory_leak | 0.0s | recalled_skill
1773510467 | memory_leak | 0.0s | recalled_skill
1773510472 | memory_leak | 0.0s | recalled_skill
1773510477 | memory_leak | 0.0s | recalled_skill
1773510482 | memory_leak | 0.0s | recalled_skill
1773510487 | memory_leak | 0.0s | recalled_skill
1773510492 | memory_leak | 0.0s | recalled_skill
1773510497 | memory_leak | 0.0s | recalled_skill
1773510503 | memory_leak | 0.0s | recalled_skill
1773510508 | memory_leak | 0.0s | recalled_skill
1773510513 | memory_leak | 0.0s | recalled_skill
1773510518 | memory_leak | 0.0s | recalled_skill
1773510523 | memory_leak | 0.0s | recalled_skill
1773510528 | memory_leak | 0.0s | recalled_skill
1773510533 | memory_leak | 0.0s | recalled_skill
1773510539 | memory_leak | 0.0s | recalled_skill
1773510544 | memory_leak | 0.0s | recalled_skill
1773510549 | memory_leak | 0.0s | recalled_skill
1773510554 | memory_leak | 0.0s | recalled_skill
1773510559 | memory_leak | 0.0s | recalled_skill
1773510564 | memory_leak | 0.0s | recalled_skill
1773510569 | memory_leak | 0.0s | recalled_skill
1773510575 | memory_leak | 0.0s | recalled_skill
1773510580 | memory_leak | 0.0s | recalled_skill
1773510585 | memory_leak | 0.0s | recalled_skill
1773510590 | memory_leak | 0.0s | recalled_skill
1773510595 | memory_leak | 0.0s | recalled_skill
1773510600 | memory_leak | 0.0s | recalled_skill
1773510605 | memory_leak | 0.0s | recalled_skill
1773510611 | memory_leak | 0.0s | recalled_skill
1773510616 | memory_leak | 0.0s | recalled_skill
1773510621 | memory_leak | 0.0s | recalled_skill
1773510626 | memory_leak | 0.0s | recalled_skill
1773510631 | memory_leak | 0.0s | recalled_skill
1773510636 | memory_leak | 0.0s | recalled_skill
1773510641 | memory_leak | 0.0s | recalled_skill
1773510647 | memory_leak | 0.0s | recalled_skill
1773510652 | memory_leak | 0.0s | recalled_skill
1773510657 | memory_leak | 0.0s | recalled_skill
1773510662 | memory_leak | 0.0s | recalled_skill
1773510667 | memory_leak | 0.0s | recalled_skill
1773510672 | memory_leak | 0.0s | recalled_skill
1773510677 | memory_leak | 0.0s | recalled_skill
1773510683 | memory_leak | 0.0s | recalled_skill
1773510688 | memory_leak | 0.0s | recalled_skill
1773510693 | memory_leak | 0.0s | recalled_skill
1773510698 | memory_leak | 0.0s | recalled_skill
1773510703 | memory_leak | 0.0s | recalled_skill
1773510708 | memory_leak | 0.0s | recalled_skill
1773510713 | memory_leak | 0.0s | recalled_skill
1773510719 | memory_leak | 0.0s | recalled_skill
1773510724 | memory_leak | 0.0s | recalled_skill
1773510729 | memory_leak | 0.0s | recalled_skill
1773510734 | memory_leak | 0.0s | recalled_skill
1773510739 | memory_leak | 0.0s | recalled_skill
1773510744 | memory_leak | 0.0s | recalled_skill
1773510749 | memory_leak | 0.0s | recalled_skill
1773510755 | memory_leak | 0.0s | recalled_skill
1773510760 | memory_leak | 0.0s | recalled_skill
1773510765 | memory_leak | 0.0s | recalled_skill
1773510770 | memory_leak | 0.0s | recalled_skill
1773510775 | memory_leak | 0.0s | recalled_skill
1773510780 | memory_leak | 0.0s | recalled_skill
1773510785 | memory_leak | 0.0s | recalled_skill
1773510790 | memory_leak | 0.0s | recalled_skill
1773510796 | memory_leak | 0.0s | recalled_skill
1773510801 | memory_leak | 0.0s | recalled_skill
1773510830 | memory_leak | 0.0s | recalled_skill
1773510836 | memory_leak | 0.0s | recalled_skill
1773510841 | memory_leak | 0.0s | recalled_skill
1773510846 | memory_leak | 0.0s | recalled_skill
1773510851 | memory_leak | 0.0s | recalled_skill
1773510856 | memory_leak | 0.0s | recalled_skill
1773510861 | memory_leak | 0.0s | recalled_skill
1773510866 | memory_leak | 0.0s | recalled_skill
1773510871 | memory_leak | 0.0s | recalled_skill
1773510877 | memory_leak | 0.0s | recalled_skill
1773511508 | memory_leak | 0.0s | recalled_skill
1773511513 | memory_leak | 0.0s | recalled_skill
1773511518 | memory_leak | 0.0s | recalled_skill
1773511523 | memory_leak | 0.0s | recalled_skill
1773511528 | memory_leak | 0.0s | recalled_skill
1773511534 | memory_leak | 0.0s | recalled_skill
1773511539 | memory_leak | 0.0s | recalled_skill
1773511544 | memory_leak | 0.0s | recalled_skill
1773511549 | memory_leak | 0.0s | recalled_skill
1773511554 | memory_leak | 0.0s | recalled_skill
1773512456 | memory_leak | 0.0s | recalled_skill
1773512461 | memory_leak | 0.0s | recalled_skill
1773512466 | memory_leak | 0.0s | recalled_skill
1773512471 | memory_leak | 0.0s | recalled_skill
1773512476 | memory_leak | 0.0s | recalled_skill
1773512481 | memory_leak | 0.0s | recalled_skill
1773512487 | memory_leak | 0.0s | recalled_skill
1773512492 | memory_leak | 0.0s | recalled_skill
1773512497 | memory_leak | 0.0s | recalled_skill
1773512502 | memory_leak | 0.0s | recalled_skill
1773513289 | memory_leak | 0.1s | recalled_skill
1773513294 | memory_leak | 0.0s | recalled_skill
1773513300 | memory_leak | 0.0s | recalled_skill
1773513305 | memory_leak | 0.0s | recalled_skill
1773513310 | memory_leak | 0.0s | recalled_skill
1773513315 | memory_leak | 0.0s | recalled_skill
1773513320 | memory_leak | 0.0s | recalled_skill
1773513325 | memory_leak | 0.0s | recalled_skill
1773513330 | memory_leak | 0.0s | recalled_skill
1773513336 | memory_leak | 0.0s | recalled_skill
1773513341 | memory_leak | 0.0s | recalled_skill
1773513346 | memory_leak | 0.0s | recalled_skill
1773513352 | memory_leak | 0.0s | recalled_skill
1773513357 | memory_leak | 0.0s | recalled_skill
1773513362 | memory_leak | 0.0s | recalled_skill
1773513367 | memory_leak | 0.0s | recalled_skill
1773513372 | memory_leak | 0.0s | recalled_skill
1773513377 | memory_leak | 0.0s | recalled_skill
1773513382 | memory_leak | 0.0s | recalled_skill
1773514286 | memory_leak | 898.8s | recalled_skill
1773514291 | memory_leak | 0.0s | recalled_skill
1773514297 | memory_leak | 0.0s | recalled_skill
1773514302 | memory_leak | 0.0s | recalled_skill
1773514307 | memory_leak | 0.0s | recalled_skill
1773514312 | memory_leak | 0.0s | recalled_skill
1773514317 | memory_leak | 0.0s | recalled_skill
1773514322 | memory_leak | 0.0s | recalled_skill
1773514327 | memory_leak | 0.0s | recalled_skill
1773514333 | memory_leak | 0.0s | recalled_skill
1773515234 | memory_leak | 0.0s | recalled_skill
1773515239 | memory_leak | 0.0s | recalled_skill
1773515244 | memory_leak | 0.0s | recalled_skill
1773515249 | memory_leak | 0.0s | recalled_skill
1773515254 | memory_leak | 0.0s | recalled_skill
1773515259 | memory_leak | 0.0s | recalled_skill
1773515264 | memory_leak | 0.0s | recalled_skill
1773515270 | memory_leak | 0.0s | recalled_skill
1773515275 | memory_leak | 0.0s | recalled_skill
1773515280 | memory_leak | 0.0s | recalled_skill
1773516181 | memory_leak | 0.0s | recalled_skill
1773516187 | memory_leak | 0.0s | recalled_skill
1773516192 | memory_leak | 0.0s | recalled_skill
1773516197 | memory_leak | 0.0s | recalled_skill
1773516202 | memory_leak | 0.0s | recalled_skill
1773516207 | memory_leak | 0.0s | recalled_skill
1773516212 | memory_leak | 0.0s | recalled_skill
1773516217 | memory_leak | 0.0s | recalled_skill
1773516222 | memory_leak | 0.0s | recalled_skill
1773516228 | memory_leak | 0.0s | recalled_skill
1773517128 | memory_leak | 0.0s | recalled_skill
1773517133 | memory_leak | 0.0s | recalled_skill
1773517138 | memory_leak | 0.0s | recalled_skill
1773517143 | memory_leak | 0.0s | recalled_skill
1773517149 | memory_leak | 0.0s | recalled_skill
1773517154 | memory_leak | 0.0s | recalled_skill
1773517159 | memory_leak | 0.0s | recalled_skill
1773517164 | memory_leak | 0.0s | recalled_skill
1773517169 | memory_leak | 0.0s | recalled_skill
1773517174 | memory_leak | 0.0s | recalled_skill
1773518075 | memory_leak | 0.0s | recalled_skill
1773518080 | memory_leak | 0.0s | recalled_skill
1773518085 | memory_leak | 0.0s | recalled_skill
1773518090 | memory_leak | 0.0s | recalled_skill
1773518095 | memory_leak | 0.0s | recalled_skill
1773518100 | memory_leak | 0.0s | recalled_skill
1773518105 | memory_leak | 0.0s | recalled_skill
1773518110 | memory_leak | 0.0s | recalled_skill
1773518116 | memory_leak | 0.0s | recalled_skill
1773518121 | memory_leak | 0.0s | recalled_skill
1773519022 | memory_leak | 0.0s | recalled_skill
1773519027 | memory_leak | 0.0s | recalled_skill
1773519032 | memory_leak | 0.0s | recalled_skill
1773519037 | memory_leak | 0.0s | recalled_skill
1773519042 | memory_leak | 0.0s | recalled_skill
1773519048 | memory_leak | 0.0s | recalled_skill
1773519053 | memory_leak | 0.0s | recalled_skill
1773519058 | memory_leak | 0.0s | recalled_skill
1773519063 | memory_leak | 0.0s | recalled_skill
1773519068 | memory_leak | 0.0s | recalled_skill
1773519968 | memory_leak | 0.0s | recalled_skill
1773519973 | memory_leak | 0.0s | recalled_skill
1773519979 | memory_leak | 0.0s | recalled_skill
1773519984 | memory_leak | 0.0s | recalled_skill
1773519989 | memory_leak | 0.0s | recalled_skill
1773519994 | memory_leak | 0.0s | recalled_skill
1773519999 | memory_leak | 0.0s | recalled_skill
1773520004 | memory_leak | 0.0s | recalled_skill
1773520009 | memory_leak | 0.0s | recalled_skill
1773520569 | memory_leak | 0.0s | recalled_skill
1773520574 | memory_leak | 0.0s | recalled_skill
1773520579 | memory_leak | 0.0s | recalled_skill
1773520584 | memory_leak | 0.0s | recalled_skill
1773520589 | memory_leak | 0.0s | recalled_skill
1773520594 | memory_leak | 0.0s | recalled_skill
1773520600 | memory_leak | 0.0s | recalled_skill
1773520605 | memory_leak | 0.0s | recalled_skill
1773520610 | memory_leak | 0.0s | recalled_skill
1773520615 | memory_leak | 0.0s | recalled_skill
1773521516 | memory_leak | 0.0s | recalled_skill
1773521522 | memory_leak | 0.0s | recalled_skill
1773521527 | memory_leak | 0.0s | recalled_skill
1773521532 | memory_leak | 0.0s | recalled_skill
1773521538 | memory_leak | 0.0s | recalled_skill
1773521543 | memory_leak | 0.0s | recalled_skill
1773521549 | memory_leak | 0.0s | recalled_skill
1773521554 | memory_leak | 0.0s | recalled_skill
1773521560 | memory_leak | 0.0s | recalled_skill
1773522467 | database_connection_exhaustion | 0.0s | recalled_skill
1773522474 | database_connection_exhaustion | 0.0s | recalled_skill
1773522479 | database_connection_exhaustion | 0.0s | recalled_skill
1773522484 | database_connection_exhaustion | 0.0s | recalled_skill
1773522489 | database_connection_exhaustion | 0.0s | recalled_skill
1773522494 | database_connection_exhaustion | 0.0s | recalled_skill
1773522499 | database_connection_exhaustion | 0.0s | recalled_skill
1773522504 | database_connection_exhaustion | 0.0s | recalled_skill
1773522509 | database_connection_exhaustion | 0.0s | recalled_skill
1773523409 | database_connection_exhaustion | 0.1s | recalled_skill
1773523414 | database_connection_exhaustion | 0.0s | recalled_skill
1773523419 | database_connection_exhaustion | 0.0s | recalled_skill
1773523424 | database_connection_exhaustion | 0.0s | recalled_skill
1773523429 | database_connection_exhaustion | 0.0s | recalled_skill
1773523434 | database_connection_exhaustion | 0.0s | recalled_skill
1773523439 | database_connection_exhaustion | 0.0s | recalled_skill
1773523444 | database_connection_exhaustion | 0.0s | recalled_skill
1773523449 | database_connection_exhaustion | 0.0s | recalled_skill
1773523454 | database_connection_exhaustion | 0.0s | recalled_skill
1773524355 | database_connection_exhaustion | 0.0s | recalled_skill
1773524360 | database_connection_exhaustion | 0.0s | recalled_skill
1773524365 | database_connection_exhaustion | 0.0s | recalled_skill
1773524370 | database_connection_exhaustion | 0.0s | recalled_skill
1773524375 | database_connection_exhaustion | 0.0s | recalled_skill
1773524380 | database_connection_exhaustion | 0.0s | recalled_skill
1773524385 | database_connection_exhaustion | 0.0s | recalled_skill
1773524390 | database_connection_exhaustion | 0.0s | recalled_skill
1773524395 | database_connection_exhaustion | 0.0s | recalled_skill
1773524400 | database_connection_exhaustion | 0.0s | recalled_skill
1773525301 | database_connection_exhaustion | 0.3s | recalled_skill
1773525306 | database_connection_exhaustion | 0.0s | recalled_skill
1773525311 | database_connection_exhaustion | 0.0s | recalled_skill
1773525316 | database_connection_exhaustion | 0.0s | recalled_skill
1773525321 | database_connection_exhaustion | 0.0s | recalled_skill
1773525326 | database_connection_exhaustion | 0.0s | recalled_skill
1773525331 | database_connection_exhaustion | 0.0s | recalled_skill
1773525336 | database_connection_exhaustion | 0.0s | recalled_skill
1773525341 | database_connection_exhaustion | 0.0s | recalled_skill
1773525346 | database_connection_exhaustion | 0.0s | recalled_skill
1773526247 | database_connection_exhaustion | 0.0s | recalled_skill
1773526252 | database_connection_exhaustion | 0.0s | recalled_skill
1773526257 | database_connection_exhaustion | 0.0s | recalled_skill
1773526262 | database_connection_exhaustion | 0.0s | recalled_skill
1773526267 | database_connection_exhaustion | 0.0s | recalled_skill
1773526272 | database_connection_exhaustion | 0.0s | recalled_skill
1773526277 | database_connection_exhaustion | 0.0s | recalled_skill
1773526282 | database_connection_exhaustion | 0.0s | recalled_skill
1773526287 | database_connection_exhaustion | 0.0s | recalled_skill
1773526292 | database_connection_exhaustion | 0.0s | recalled_skill
1773527195 | database_connection_exhaustion | 0.4s | recalled_skill
1773527200 | database_connection_exhaustion | 0.0s | recalled_skill
1773527205 | database_connection_exhaustion | 0.0s | recalled_skill
1773527210 | database_connection_exhaustion | 0.0s | recalled_skill
1773527215 | database_connection_exhaustion | 0.0s | recalled_skill
1773527220 | database_connection_exhaustion | 0.0s | recalled_skill
1773527225 | database_connection_exhaustion | 0.0s | recalled_skill
1773527230 | database_connection_exhaustion | 0.0s | recalled_skill
1773527236 | database_connection_exhaustion | 0.0s | recalled_skill
1773527241 | database_connection_exhaustion | 0.0s | recalled_skill
1773527808 | database_connection_exhaustion | 0.0s | recalled_skill
1773527813 | database_connection_exhaustion | 0.0s | recalled_skill
1773527818 | database_connection_exhaustion | 0.0s | recalled_skill
1773527823 | database_connection_exhaustion | 0.1s | recalled_skill
1773527828 | database_connection_exhaustion | 0.0s | recalled_skill
1773527833 | database_connection_exhaustion | 0.0s | recalled_skill
1773527838 | database_connection_exhaustion | 0.0s | recalled_skill
1773527844 | database_connection_exhaustion | 0.0s | recalled_skill
1773527849 | database_connection_exhaustion | 0.0s | recalled_skill
1773527854 | database_connection_exhaustion | 0.0s | recalled_skill
1773528754 | database_connection_exhaustion | 0.2s | recalled_skill
1773528759 | database_connection_exhaustion | 0.0s | recalled_skill
1773528765 | database_connection_exhaustion | 0.0s | recalled_skill
1773528770 | database_connection_exhaustion | 0.0s | recalled_skill
1773528775 | database_connection_exhaustion | 0.0s | recalled_skill
1773528780 | database_connection_exhaustion | 0.0s | recalled_skill
1773528785 | database_connection_exhaustion | 0.0s | recalled_skill
1773528790 | database_connection_exhaustion | 0.0s | recalled_skill
1773528795 | database_connection_exhaustion | 0.0s | recalled_skill
1773528800 | database_connection_exhaustion | 0.0s | recalled_skill
1773529700 | database_connection_exhaustion | 0.0s | recalled_skill
1773529705 | database_connection_exhaustion | 0.0s | recalled_skill
1773529710 | database_connection_exhaustion | 0.0s | recalled_skill
1773529715 | database_connection_exhaustion | 0.0s | recalled_skill
1773529720 | database_connection_exhaustion | 0.0s | recalled_skill
1773529725 | database_connection_exhaustion | 0.0s | recalled_skill
1773529730 | database_connection_exhaustion | 0.0s | recalled_skill
1773529735 | database_connection_exhaustion | 0.0s | recalled_skill
1773529741 | database_connection_exhaustion | 0.0s | recalled_skill
1773529746 | database_connection_exhaustion | 0.0s | recalled_skill
1773530646 | database_connection_exhaustion | 0.5s | recalled_skill
1773530651 | database_connection_exhaustion | 0.0s | recalled_skill
1773530656 | database_connection_exhaustion | 0.0s | recalled_skill
1773530661 | database_connection_exhaustion | 0.0s | recalled_skill
1773530667 | database_connection_exhaustion | 0.0s | recalled_skill
1773530672 | database_connection_exhaustion | 0.0s | recalled_skill
1773530677 | database_connection_exhaustion | 0.0s | recalled_skill
1773530682 | database_connection_exhaustion | 0.0s | recalled_skill
1773530687 | database_connection_exhaustion | 0.0s | recalled_skill
1773530692 | database_connection_exhaustion | 0.0s | recalled_skill
1773531592 | database_connection_exhaustion | 0.0s | recalled_skill
1773531597 | database_connection_exhaustion | 0.0s | recalled_skill
1773531602 | database_connection_exhaustion | 0.0s | recalled_skill
1773531607 | database_connection_exhaustion | 0.0s | recalled_skill
1773531612 | database_connection_exhaustion | 0.0s | recalled_skill
1773531617 | database_connection_exhaustion | 0.0s | recalled_skill
1773531622 | database_connection_exhaustion | 0.0s | recalled_skill
1773531627 | database_connection_exhaustion | 0.0s | recalled_skill
1773531632 | database_connection_exhaustion | 0.0s | recalled_skill
1773531637 | database_connection_exhaustion | 0.0s | recalled_skill
1773531667 | database_connection_exhaustion | 0.0s | recalled_skill
1773531672 | database_connection_exhaustion | 0.0s | recalled_skill
1773531677 | database_connection_exhaustion | 0.0s | recalled_skill
1773531682 | database_connection_exhaustion | 0.0s | recalled_skill
1773531687 | database_connection_exhaustion | 0.0s | recalled_skill
1773531692 | database_connection_exhaustion | 0.0s | recalled_skill
1773531697 | database_connection_exhaustion | 0.0s | recalled_skill
1773531702 | database_connection_exhaustion | 0.0s | recalled_skill
1773531707 | database_connection_exhaustion | 0.0s | recalled_skill
1773531712 | database_connection_exhaustion | 0.0s | recalled_skill
1773532407 | database_connection_exhaustion | 0.4s | recalled_skill
1773532412 | database_connection_exhaustion | 0.0s | recalled_skill
1773532417 | database_connection_exhaustion | 0.0s | recalled_skill
1773532422 | database_connection_exhaustion | 0.0s | recalled_skill
1773532427 | database_connection_exhaustion | 0.0s | recalled_skill
1773532432 | database_connection_exhaustion | 0.0s | recalled_skill
1773532437 | database_connection_exhaustion | 0.0s | recalled_skill
1773532442 | database_connection_exhaustion | 0.0s | recalled_skill
1773532447 | database_connection_exhaustion | 0.0s | recalled_skill
1773532453 | database_connection_exhaustion | 0.0s | recalled_skill
1773533355 | database_connection_exhaustion | 0.1s | recalled_skill
1773533360 | database_connection_exhaustion | 0.0s | recalled_skill
1773533365 | database_connection_exhaustion | 0.0s | recalled_skill
1773533370 | database_connection_exhaustion | 0.0s | recalled_skill
1773533376 | database_connection_exhaustion | 0.0s | recalled_skill
1773533381 | database_connection_exhaustion | 0.0s | recalled_skill
1773533386 | database_connection_exhaustion | 0.0s | recalled_skill
1773533391 | database_connection_exhaustion | 0.0s | recalled_skill
1773533396 | database_connection_exhaustion | 0.0s | recalled_skill
1773533401 | database_connection_exhaustion | 0.0s | recalled_skill
1773534302 | database_connection_exhaustion | 0.0s | recalled_skill
1773534307 | database_connection_exhaustion | 0.0s | recalled_skill
1773534312 | database_connection_exhaustion | 0.0s | recalled_skill
1773534317 | database_connection_exhaustion | 0.0s | recalled_skill
1773534322 | database_connection_exhaustion | 0.0s | recalled_skill
1773534327 | database_connection_exhaustion | 0.0s | recalled_skill
1773534332 | database_connection_exhaustion | 0.0s | recalled_skill
1773534337 | database_connection_exhaustion | 0.0s | recalled_skill
1773534342 | database_connection_exhaustion | 0.0s | recalled_skill
1773534347 | database_connection_exhaustion | 0.0s | recalled_skill
1773534659 | database_connection_exhaustion | 0.2s | recalled_skill
1773534664 | database_connection_exhaustion | 0.0s | recalled_skill
1773534669 | database_connection_exhaustion | 0.0s | recalled_skill
1773534674 | database_connection_exhaustion | 0.0s | recalled_skill
1773534680 | database_connection_exhaustion | 0.0s | recalled_skill
1773534685 | database_connection_exhaustion | 0.0s | recalled_skill
1773534690 | database_connection_exhaustion | 0.0s | recalled_skill
1773534695 | database_connection_exhaustion | 0.0s | recalled_skill
1773534700 | database_connection_exhaustion | 0.0s | recalled_skill
1773534705 | database_connection_exhaustion | 0.0s | recalled_skill
1773535606 | database_connection_exhaustion | 0.3s | recalled_skill
1773535611 | database_connection_exhaustion | 0.0s | recalled_skill
1773535616 | database_connection_exhaustion | 0.0s | recalled_skill
1773535621 | database_connection_exhaustion | 0.0s | recalled_skill
1773535626 | database_connection_exhaustion | 0.0s | recalled_skill
1773535631 | database_connection_exhaustion | 0.0s | recalled_skill
1773535636 | database_connection_exhaustion | 0.0s | recalled_skill
1773535642 | database_connection_exhaustion | 0.0s | recalled_skill
1773535647 | database_connection_exhaustion | 0.0s | recalled_skill
1773535652 | database_connection_exhaustion | 0.0s | recalled_skill
1773536552 | database_connection_exhaustion | 0.0s | recalled_skill
1773536557 | database_connection_exhaustion | 0.0s | recalled_skill
1773536562 | database_connection_exhaustion | 0.0s | recalled_skill
1773536567 | database_connection_exhaustion | 0.0s | recalled_skill
1773536572 | database_connection_exhaustion | 0.0s | recalled_skill
1773536577 | database_connection_exhaustion | 0.0s | recalled_skill
1773536582 | database_connection_exhaustion | 0.0s | recalled_skill
1773536587 | database_connection_exhaustion | 0.0s | recalled_skill
1773536592 | database_connection_exhaustion | 0.0s | recalled_skill
1773536597 | database_connection_exhaustion | 0.0s | recalled_skill
1773537499 | database_connection_exhaustion | 0.0s | recalled_skill
1773537504 | database_connection_exhaustion | 0.0s | recalled_skill
1773537509 | database_connection_exhaustion | 0.0s | recalled_skill
1773537514 | database_connection_exhaustion | 0.0s | recalled_skill
1773537519 | database_connection_exhaustion | 0.0s | recalled_skill
1773537524 | database_connection_exhaustion | 0.0s | recalled_skill
1773537529 | database_connection_exhaustion | 0.0s | recalled_skill
1773537534 | database_connection_exhaustion | 0.0s | recalled_skill
1773537539 | database_connection_exhaustion | 0.0s | recalled_skill
1773537544 | database_connection_exhaustion | 0.0s | recalled_skill
1773538446 | database_connection_exhaustion | 0.0s | recalled_skill
1773538451 | database_connection_exhaustion | 0.0s | recalled_skill
1773538456 | database_connection_exhaustion | 0.0s | recalled_skill
1773538461 | database_connection_exhaustion | 0.0s | recalled_skill
1773538466 | database_connection_exhaustion | 0.0s | recalled_skill
1773538471 | database_connection_exhaustion | 0.0s | recalled_skill
1773538476 | database_connection_exhaustion | 0.0s | recalled_skill
1773538481 | database_connection_exhaustion | 0.0s | recalled_skill
1773538486 | database_connection_exhaustion | 0.0s | recalled_skill
1773538491 | database_connection_exhaustion | 0.0s | recalled_skill
1773539392 | database_connection_exhaustion | 0.0s | recalled_skill
1773539397 | database_connection_exhaustion | 0.0s | recalled_skill
1773539402 | database_connection_exhaustion | 0.0s | recalled_skill
1773539407 | database_connection_exhaustion | 0.0s | recalled_skill
1773539412 | database_connection_exhaustion | 0.0s | recalled_skill
1773539417 | database_connection_exhaustion | 0.0s | recalled_skill
1773539422 | database_connection_exhaustion | 0.0s | recalled_skill
1773539427 | database_connection_exhaustion | 0.0s | recalled_skill
1773539432 | database_connection_exhaustion | 0.0s | recalled_skill
1773539437 | database_connection_exhaustion | 0.0s | recalled_skill
1773540339 | database_connection_exhaustion | 0.3s | recalled_skill
1773540344 | database_connection_exhaustion | 0.0s | recalled_skill
1773540350 | database_connection_exhaustion | 0.0s | recalled_skill
1773540355 | database_connection_exhaustion | 0.0s | recalled_skill
1773540360 | database_connection_exhaustion | 0.0s | recalled_skill
1773540365 | database_connection_exhaustion | 0.0s | recalled_skill
1773540370 | database_connection_exhaustion | 0.0s | recalled_skill
1773540375 | database_connection_exhaustion | 0.0s | recalled_skill
1773540380 | database_connection_exhaustion | 0.0s | recalled_skill
1773540385 | database_connection_exhaustion | 0.0s | recalled_skill
1773541086 | database_connection_exhaustion | 0.0s | recalled_skill
1773541091 | database_connection_exhaustion | 0.0s | recalled_skill
1773541096 | database_connection_exhaustion | 0.0s | recalled_skill
1773541101 | database_connection_exhaustion | 0.0s | recalled_skill
1773541106 | database_connection_exhaustion | 0.0s | recalled_skill
1773541111 | database_connection_exhaustion | 0.0s | recalled_skill
1773541116 | database_connection_exhaustion | 0.0s | recalled_skill
1773541121 | database_connection_exhaustion | 0.0s | recalled_skill
1773541126 | database_connection_exhaustion | 0.0s | recalled_skill
1773541131 | database_connection_exhaustion | 0.0s | recalled_skill
1773541920 | database_connection_exhaustion | 0.0s | recalled_skill
1773541925 | database_connection_exhaustion | 0.0s | recalled_skill
1773541930 | database_connection_exhaustion | 0.0s | recalled_skill
1773541935 | database_connection_exhaustion | 0.0s | recalled_skill
1773541940 | database_connection_exhaustion | 0.0s | recalled_skill
1773541945 | database_connection_exhaustion | 0.0s | recalled_skill
1773541950 | database_connection_exhaustion | 0.0s | recalled_skill
1773541955 | database_connection_exhaustion | 0.0s | recalled_skill
1773541960 | database_connection_exhaustion | 0.0s | recalled_skill
1773541965 | database_connection_exhaustion | 0.0s | recalled_skill
1773542866 | database_connection_exhaustion | 0.4s | recalled_skill
1773542871 | database_connection_exhaustion | 0.1s | recalled_skill
1773542876 | database_connection_exhaustion | 0.0s | recalled_skill
1773542881 | database_connection_exhaustion | 0.0s | recalled_skill
1773542886 | database_connection_exhaustion | 0.0s | recalled_skill
1773542892 | database_connection_exhaustion | 0.0s | recalled_skill
1773542897 | database_connection_exhaustion | 0.0s | recalled_skill
1773542902 | database_connection_exhaustion | 0.0s | recalled_skill
1773542907 | database_connection_exhaustion | 0.0s | recalled_skill
1773542912 | database_connection_exhaustion | 0.0s | recalled_skill
1773543813 | database_connection_exhaustion | 0.7s | recalled_skill
1773543818 | database_connection_exhaustion | 0.0s | recalled_skill
1773543823 | database_connection_exhaustion | 0.0s | recalled_skill
1773543828 | database_connection_exhaustion | 0.0s | recalled_skill
1773543833 | database_connection_exhaustion | 0.0s | recalled_skill
1773543838 | database_connection_exhaustion | 0.0s | recalled_skill
1773543843 | database_connection_exhaustion | 0.0s | recalled_skill
1773543848 | database_connection_exhaustion | 0.0s | recalled_skill
1773543853 | database_connection_exhaustion | 0.0s | recalled_skill
1773543858 | database_connection_exhaustion | 0.0s | recalled_skill
1773544759 | database_connection_exhaustion | 0.0s | recalled_skill
1773544764 | database_connection_exhaustion | 0.0s | recalled_skill
1773544769 | database_connection_exhaustion | 0.0s | recalled_skill
1773544774 | database_connection_exhaustion | 0.0s | recalled_skill
1773544779 | database_connection_exhaustion | 0.1s | recalled_skill
1773544784 | database_connection_exhaustion | 0.0s | recalled_skill
1773544789 | database_connection_exhaustion | 0.0s | recalled_skill
1773544794 | database_connection_exhaustion | 0.0s | recalled_skill
1773544799 | database_connection_exhaustion | 0.0s | recalled_skill
1773544804 | database_connection_exhaustion | 0.0s | recalled_skill
1773545580 | database_connection_exhaustion | 0.1s | recalled_skill
1773545585 | database_connection_exhaustion | 0.0s | recalled_skill
1773545590 | database_connection_exhaustion | 0.0s | recalled_skill
1773545595 | database_connection_exhaustion | 0.0s | recalled_skill
1773545600 | database_connection_exhaustion | 0.0s | recalled_skill
1773545605 | database_connection_exhaustion | 0.0s | recalled_skill
1773545610 | database_connection_exhaustion | 0.0s | recalled_skill
1773545615 | database_connection_exhaustion | 0.0s | recalled_skill
1773545620 | database_connection_exhaustion | 0.0s | recalled_skill
1773545626 | database_connection_exhaustion | 0.0s | recalled_skill
1773546527 | database_connection_exhaustion | 0.4s | recalled_skill
1773546532 | database_connection_exhaustion | 0.0s | recalled_skill
1773546537 | database_connection_exhaustion | 0.0s | recalled_skill
1773546542 | database_connection_exhaustion | 0.0s | recalled_skill
1773546547 | database_connection_exhaustion | 0.0s | recalled_skill
1773546552 | database_connection_exhaustion | 0.0s | recalled_skill
1773546557 | database_connection_exhaustion | 0.0s | recalled_skill
1773546562 | database_connection_exhaustion | 0.0s | recalled_skill
1773546567 | database_connection_exhaustion | 0.0s | recalled_skill
1773546573 | database_connection_exhaustion | 0.0s | recalled_skill
1773547474 | database_connection_exhaustion | 0.0s | recalled_skill
1773547479 | database_connection_exhaustion | 0.0s | recalled_skill
1773547484 | database_connection_exhaustion | 0.0s | recalled_skill
1773547489 | database_connection_exhaustion | 0.0s | recalled_skill
1773547494 | database_connection_exhaustion | 0.0s | recalled_skill
1773547499 | database_connection_exhaustion | 0.0s | recalled_skill
1773547504 | database_connection_exhaustion | 0.0s | recalled_skill
1773547509 | database_connection_exhaustion | 0.0s | recalled_skill
1773547514 | database_connection_exhaustion | 0.0s | recalled_skill
1773547519 | database_connection_exhaustion | 0.0s | recalled_skill
1773547847 | database_connection_exhaustion | 0.5s | recalled_skill
1773547852 | database_connection_exhaustion | 0.0s | recalled_skill
1773547857 | database_connection_exhaustion | 0.0s | recalled_skill
1773547863 | database_connection_exhaustion | 0.0s | recalled_skill
1773547868 | database_connection_exhaustion | 0.0s | recalled_skill
1773547873 | database_connection_exhaustion | 0.0s | recalled_skill
1773547878 | database_connection_exhaustion | 0.0s | recalled_skill
1773547883 | database_connection_exhaustion | 0.0s | recalled_skill
1773547888 | database_connection_exhaustion | 0.0s | recalled_skill
1773547893 | database_connection_exhaustion | 0.0s | recalled_skill
1773547898 | database_connection_exhaustion | 0.0s | recalled_skill
1773547903 | database_connection_exhaustion | 0.0s | recalled_skill
1773547908 | database_connection_exhaustion | 0.0s | recalled_skill
1773547913 | database_connection_exhaustion | 0.0s | recalled_skill
1773547918 | database_connection_exhaustion | 0.0s | recalled_skill
1773547923 | database_connection_exhaustion | 0.0s | recalled_skill
1773547928 | database_connection_exhaustion | 0.0s | recalled_skill
1773547933 | database_connection_exhaustion | 0.0s | recalled_skill
1773547938 | database_connection_exhaustion | 0.0s | recalled_skill
1773547943 | database_connection_exhaustion | 0.1s | recalled_skill
1773547948 | database_connection_exhaustion | 0.0s | recalled_skill
1773547953 | database_connection_exhaustion | 0.0s | recalled_skill
1773547959 | database_connection_exhaustion | 0.0s | recalled_skill
1773547964 | database_connection_exhaustion | 0.1s | recalled_skill
1773547969 | database_connection_exhaustion | 0.0s | recalled_skill
1773547974 | database_connection_exhaustion | 0.0s | recalled_skill
1773547979 | database_connection_exhaustion | 0.0s | recalled_skill
1773547984 | database_connection_exhaustion | 0.0s | recalled_skill
1773547989 | database_connection_exhaustion | 0.0s | recalled_skill
1773547994 | database_connection_exhaustion | 0.0s | recalled_skill
1773547999 | database_connection_exhaustion | 0.0s | recalled_skill
1773548004 | database_connection_exhaustion | 0.0s | recalled_skill
1773548009 | database_connection_exhaustion | 0.0s | recalled_skill
1773548014 | database_connection_exhaustion | 0.0s | recalled_skill
1773548019 | database_connection_exhaustion | 0.0s | recalled_skill
1773548024 | database_connection_exhaustion | 0.0s | recalled_skill
1773548029 | database_connection_exhaustion | 0.0s | recalled_skill
1773548034 | database_connection_exhaustion | 0.0s | recalled_skill
1773548039 | database_connection_exhaustion | 0.0s | recalled_skill
1773548044 | database_connection_exhaustion | 0.0s | recalled_skill
1773548049 | database_connection_exhaustion | 0.1s | recalled_skill
1773548054 | database_connection_exhaustion | 0.0s | recalled_skill
1773548059 | database_connection_exhaustion | 0.0s | recalled_skill
1773548064 | database_connection_exhaustion | 0.0s | recalled_skill
1773548069 | database_connection_exhaustion | 0.0s | recalled_skill
1773548075 | database_connection_exhaustion | 0.0s | recalled_skill
1773548080 | database_connection_exhaustion | 0.0s | recalled_skill
1773548085 | database_connection_exhaustion | 0.0s | recalled_skill
1773548090 | database_connection_exhaustion | 0.0s | recalled_skill
1773548095 | database_connection_exhaustion | 0.0s | recalled_skill
1773548100 | database_connection_exhaustion | 0.0s | recalled_skill
1773548105 | database_connection_exhaustion | 0.0s | recalled_skill
1773548110 | database_connection_exhaustion | 0.0s | recalled_skill
1773548115 | database_connection_exhaustion | 0.0s | recalled_skill
1773548120 | database_connection_exhaustion | 0.0s | recalled_skill
1773548125 | database_connection_exhaustion | 0.0s | recalled_skill
1773548130 | database_connection_exhaustion | 0.0s | recalled_skill
1773548135 | database_connection_exhaustion | 0.0s | recalled_skill
1773548140 | database_connection_exhaustion | 0.0s | recalled_skill
1773548145 | database_connection_exhaustion | 0.0s | recalled_skill
1773548150 | database_connection_exhaustion | 0.0s | recalled_skill
1773548155 | database_connection_exhaustion | 0.0s | recalled_skill
1773548160 | database_connection_exhaustion | 0.0s | recalled_skill
1773548165 | database_connection_exhaustion | 0.0s | recalled_skill
1773548170 | database_connection_exhaustion | 0.0s | recalled_skill
1773548175 | database_connection_exhaustion | 0.0s | recalled_skill
1773548180 | database_connection_exhaustion | 0.1s | recalled_skill
1773548185 | database_connection_exhaustion | 0.0s | recalled_skill
1773548190 | database_connection_exhaustion | 0.0s | recalled_skill
1773548195 | database_connection_exhaustion | 0.0s | recalled_skill
1773548200 | database_connection_exhaustion | 0.0s | recalled_skill
1773548205 | database_connection_exhaustion | 0.0s | recalled_skill
1773548210 | database_connection_exhaustion | 0.0s | recalled_skill
1773548215 | database_connection_exhaustion | 0.0s | recalled_skill
1773548220 | database_connection_exhaustion | 0.0s | recalled_skill
1773548225 | database_connection_exhaustion | 0.0s | recalled_skill
1773548230 | database_connection_exhaustion | 0.0s | recalled_skill
1773548236 | database_connection_exhaustion | 0.0s | recalled_skill
1773548241 | database_connection_exhaustion | 0.0s | recalled_skill
1773548246 | database_connection_exhaustion | 0.0s | recalled_skill
1773548251 | database_connection_exhaustion | 0.0s | recalled_skill
1773548256 | database_connection_exhaustion | 0.0s | recalled_skill
1773548261 | database_connection_exhaustion | 0.0s | recalled_skill
1773548266 | database_connection_exhaustion | 0.0s | recalled_skill
1773548271 | database_connection_exhaustion | 0.0s | recalled_skill
1773548276 | database_connection_exhaustion | 0.0s | recalled_skill
1773548281 | database_connection_exhaustion | 0.0s | recalled_skill
1773548286 | database_connection_exhaustion | 0.0s | recalled_skill
1773548291 | database_connection_exhaustion | 0.0s | recalled_skill
1773548296 | database_connection_exhaustion | 0.0s | recalled_skill
1773548301 | database_connection_exhaustion | 0.0s | recalled_skill
1773548306 | database_connection_exhaustion | 0.0s | recalled_skill
1773548311 | database_connection_exhaustion | 0.0s | recalled_skill
1773548316 | database_connection_exhaustion | 0.0s | recalled_skill
1773548321 | database_connection_exhaustion | 0.0s | recalled_skill
1773548326 | database_connection_exhaustion | 0.1s | recalled_skill
1773548331 | database_connection_exhaustion | 0.0s | recalled_skill
1773548336 | database_connection_exhaustion | 0.0s | recalled_skill
1773548341 | database_connection_exhaustion | 0.0s | recalled_skill
1773548346 | database_connection_exhaustion | 0.0s | recalled_skill
1773548351 | database_connection_exhaustion | 0.0s | recalled_skill
1773548356 | database_connection_exhaustion | 0.0s | recalled_skill
1773548361 | database_connection_exhaustion | 0.0s | recalled_skill
1773548367 | database_connection_exhaustion | 0.0s | recalled_skill
1773548372 | database_connection_exhaustion | 0.0s | recalled_skill
1773548377 | database_connection_exhaustion | 0.0s | recalled_skill
1773548382 | database_connection_exhaustion | 0.0s | recalled_skill
1773548387 | database_connection_exhaustion | 0.0s | recalled_skill
1773548392 | database_connection_exhaustion | 0.1s | recalled_skill
1773548397 | database_connection_exhaustion | 0.0s | recalled_skill
1773548402 | database_connection_exhaustion | 0.2s | recalled_skill
1773548408 | database_connection_exhaustion | 0.1s | recalled_skill
1773548413 | database_connection_exhaustion | 0.3s | recalled_skill
1773548418 | database_connection_exhaustion | 0.1s | recalled_skill
1773548423 | database_connection_exhaustion | 0.0s | recalled_skill
1773548428 | database_connection_exhaustion | 0.2s | recalled_skill
1773548434 | database_connection_exhaustion | 0.1s | recalled_skill
1773548439 | database_connection_exhaustion | 0.1s | recalled_skill
1773548444 | database_connection_exhaustion | 0.2s | recalled_skill
1773548449 | database_connection_exhaustion | 0.0s | recalled_skill
1773548454 | database_connection_exhaustion | 0.1s | recalled_skill
1773548460 | database_connection_exhaustion | 0.1s | recalled_skill
1773548465 | database_connection_exhaustion | 0.1s | recalled_skill
1773548470 | database_connection_exhaustion | 0.0s | recalled_skill
1773548475 | database_connection_exhaustion | 0.1s | recalled_skill
1773548480 | database_connection_exhaustion | 0.2s | recalled_skill
1773548485 | database_connection_exhaustion | 0.0s | recalled_skill
1773548490 | database_connection_exhaustion | 0.0s | recalled_skill
1773548495 | database_connection_exhaustion | 0.0s | recalled_skill
1773548500 | database_connection_exhaustion | 0.0s | recalled_skill
1773548505 | database_connection_exhaustion | 0.0s | recalled_skill
1773548510 | database_connection_exhaustion | 0.0s | recalled_skill
1773548515 | database_connection_exhaustion | 0.0s | recalled_skill
1773548520 | database_connection_exhaustion | 0.0s | recalled_skill
1773548525 | database_connection_exhaustion | 0.0s | recalled_skill
1773548530 | database_connection_exhaustion | 0.0s | recalled_skill
1773548535 | database_connection_exhaustion | 0.0s | recalled_skill
1773548540 | database_connection_exhaustion | 0.0s | recalled_skill
1773548545 | database_connection_exhaustion | 0.0s | recalled_skill
1773548551 | database_connection_exhaustion | 0.0s | recalled_skill
1773548556 | database_connection_exhaustion | 0.0s | recalled_skill
1773548561 | database_connection_exhaustion | 0.0s | recalled_skill
1773548566 | database_connection_exhaustion | 0.0s | recalled_skill
1773548571 | database_connection_exhaustion | 0.0s | recalled_skill
1773548576 | database_connection_exhaustion | 0.0s | recalled_skill
1773548581 | database_connection_exhaustion | 0.0s | recalled_skill
1773548586 | database_connection_exhaustion | 0.0s | recalled_skill
1773548591 | database_connection_exhaustion | 0.0s | recalled_skill
1773548596 | database_connection_exhaustion | 0.0s | recalled_skill
1773548601 | database_connection_exhaustion | 0.0s | recalled_skill
1773548606 | database_connection_exhaustion | 0.0s | recalled_skill
1773548611 | database_connection_exhaustion | 0.0s | recalled_skill
1773548616 | database_connection_exhaustion | 0.0s | recalled_skill
